\BOOKMARK [1][-]{figure.caption.2}{Certificate of Approval}{}% 1
\BOOKMARK [1][-]{chapter*.3}{Copyright}{}% 2
\BOOKMARK [1][-]{chapter*.4}{Acknowledgement}{}% 3
\BOOKMARK [1][-]{table.caption.6}{Abstract}{}% 4
\BOOKMARK [1][-]{chapter*.7}{Contents}{}% 5
\BOOKMARK [1][-]{chapter*.8}{List of Tables}{}% 6
\BOOKMARK [1][-]{chapter*.9}{List of Figures}{}% 7
\BOOKMARK [1][-]{chapter*.10}{List of Symbols and Abbreviation}{}% 8
\BOOKMARK [0][-]{chapter.1}{Introduction}{}% 9
\BOOKMARK [1][-]{section.1.1}{Background Introduction}{chapter.1}% 10
\BOOKMARK [1][-]{section.1.2}{Problem Statement}{chapter.1}% 11
\BOOKMARK [1][-]{section.1.3}{Objective}{chapter.1}% 12
\BOOKMARK [0][-]{chapter.2}{Literature Review}{}% 13
\BOOKMARK [0][-]{chapter.3}{Requirement Analysis}{}% 14
\BOOKMARK [1][-]{section.3.1}{SOFTWARE REQUIREMENT}{chapter.3}% 15
\BOOKMARK [2][-]{subsection.3.1.1}{Python}{section.3.1}% 16
\BOOKMARK [2][-]{subsection.3.1.2}{PHP}{section.3.1}% 17
\BOOKMARK [2][-]{subsection.3.1.3}{MySQL}{section.3.1}% 18
\BOOKMARK [2][-]{subsection.3.1.4}{Keras}{section.3.1}% 19
\BOOKMARK [2][-]{subsection.3.1.5}{Flask}{section.3.1}% 20
\BOOKMARK [2][-]{subsection.3.1.6}{JavaScript}{section.3.1}% 21
\BOOKMARK [1][-]{section.3.2}{FUNCTIONAL REQUIREMENT}{chapter.3}% 22
\BOOKMARK [2][-]{subsection.3.2.1}{Dataset Labeler}{section.3.2}% 23
\BOOKMARK [2][-]{subsection.3.2.2}{Nepali News Web Scrapper}{section.3.2}% 24
\BOOKMARK [2][-]{subsection.3.2.3}{Inference System}{section.3.2}% 25
\BOOKMARK [1][-]{section.3.3}{NON-FUNCTIONAL REQUIREMENT}{chapter.3}% 26
\BOOKMARK [2][-]{subsection.3.3.1}{Reliability}{section.3.3}% 27
\BOOKMARK [2][-]{subsection.3.3.2}{Maintainability}{section.3.3}% 28
\BOOKMARK [2][-]{subsection.3.3.3}{Performance}{section.3.3}% 29
\BOOKMARK [2][-]{subsection.3.3.4}{Portability}{section.3.3}% 30
\BOOKMARK [1][-]{section.3.4}{FEASIBILITY STUDY}{chapter.3}% 31
\BOOKMARK [2][-]{subsection.3.4.1}{Economic Feasibility}{section.3.4}% 32
\BOOKMARK [2][-]{subsection.3.4.2}{Technical Feasibility}{section.3.4}% 33
\BOOKMARK [2][-]{subsection.3.4.3}{Operational Feasibility}{section.3.4}% 34
\BOOKMARK [0][-]{chapter.4}{System Design and Architecture}{}% 35
\BOOKMARK [1][-]{section.4.1}{USE CASE DIAGRAM}{chapter.4}% 36
\BOOKMARK [1][-]{section.4.2}{System Block Diagram}{chapter.4}% 37
\BOOKMARK [1][-]{section.4.3}{Sequence Diagram}{chapter.4}% 38
\BOOKMARK [0][-]{chapter.5}{Methodology}{}% 39
\BOOKMARK [1][-]{section.5.1}{SOFTWARE DEVELOPMENT APPROACH}{chapter.5}% 40
\BOOKMARK [1][-]{section.5.2}{DATA COLLECTION}{chapter.5}% 41
\BOOKMARK [2][-]{subsection.5.2.1}{Twitter Tweet Collection}{section.5.2}% 42
\BOOKMARK [1][-]{section.5.3}{DATA PREPARATION}{chapter.5}% 43
\BOOKMARK [2][-]{subsection.5.3.1}{Tokenization}{section.5.3}% 44
\BOOKMARK [2][-]{subsection.5.3.2}{Stop Words Removal}{section.5.3}% 45
\BOOKMARK [2][-]{subsection.5.3.3}{Stemming}{section.5.3}% 46
\BOOKMARK [2][-]{subsection.5.3.4}{Word2Vec}{section.5.3}% 47
\BOOKMARK [2][-]{subsection.5.3.5}{Labeling System}{section.5.3}% 48
\BOOKMARK [2][-]{subsection.5.3.6}{POS Tagging}{section.5.3}% 49
\BOOKMARK [2][-]{subsection.5.3.7}{One Hot Encoder}{section.5.3}% 50
\BOOKMARK [1][-]{section.5.4}{TRAINING}{chapter.5}% 51
\BOOKMARK [1][-]{section.5.5}{ALGORITHMS AND MODELS}{chapter.5}% 52
\BOOKMARK [2][-]{subsection.5.5.1}{Tokenization Algorithm}{section.5.5}% 53
\BOOKMARK [2][-]{subsection.5.5.2}{Stemming Algorithm}{section.5.5}% 54
\BOOKMARK [2][-]{subsection.5.5.3}{Word2Vec Vectorization}{section.5.5}% 55
\BOOKMARK [2][-]{subsection.5.5.4}{Perceptron}{section.5.5}% 56
\BOOKMARK [2][-]{subsection.5.5.5}{LSTM RNN Model}{section.5.5}% 57
\BOOKMARK [3][-]{subsubsection.5.5.5.1}{LSTM-RNN}{subsection.5.5.5}% 58
\BOOKMARK [3][-]{subsubsection.5.5.5.2}{Classification Model}{subsection.5.5.5}% 59
\BOOKMARK [2][-]{subsection.5.5.6}{Attention based LSTM RNN Model}{section.5.5}% 60
\BOOKMARK [3][-]{subsubsection.5.5.6.1}{Attention Mechanism}{subsection.5.5.6}% 61
\BOOKMARK [3][-]{subsubsection.5.5.6.2}{Classification Model}{subsection.5.5.6}% 62
\BOOKMARK [2][-]{subsection.5.5.7}{POS Integrated LSTM RNN Model}{section.5.5}% 63
\BOOKMARK [3][-]{subsubsection.5.5.7.1}{POS Tagging Model}{subsection.5.5.7}% 64
\BOOKMARK [3][-]{subsubsection.5.5.7.2}{Sentiment with POS}{subsection.5.5.7}% 65
\BOOKMARK [3][-]{subsubsection.5.5.7.3}{Sentiment with POS and Attention}{subsection.5.5.7}% 66
\BOOKMARK [1][-]{section.5.6}{DESCRIPTION OF DATA LABELING SYSTEM}{chapter.5}% 67
\BOOKMARK [1][-]{section.5.7}{DESCRIPTION OF INFERENCE SYSTEM}{chapter.5}% 68
\BOOKMARK [0][-]{chapter.6}{Expected Outcomes}{}% 69
\BOOKMARK [1][-]{figure.caption.44}{Appendix}{chapter.6}% 70
